<?xml version="1.0" encoding="UTF-8" ?>
<testsuite tests="3" failures="1" name="TestSuite" time="1.593" errors="0" skipped="2">
  <properties>
    <property name="java.runtime.name" value="Java(TM) SE Runtime Environment"/>
    <property name="java.vm.version" value="15.0.1+9-18"/>
    <property name="sun.boot.library.path" value="/Library/Java/JavaVirtualMachines/jdk-15.0.1.jdk/Contents/Home/lib"/>
    <property name="java.vm.vendor" value="Oracle Corporation"/>
    <property name="java.vendor.url" value="https://java.oracle.com/"/>
    <property name="path.separator" value=":"/>
    <property name="java.vm.name" value="Java HotSpot(TM) 64-Bit Server VM"/>
    <property name="user.country" value="US"/>
    <property name="sun.java.launcher" value="SUN_STANDARD"/>
    <property name="java.vm.specification.name" value="Java Virtual Machine Specification"/>
    <property name="user.dir" value="/Users/pratik/Downloads/IpadAppAutomation (2)/ConstructAppAutomation"/>
    <property name="java.vm.compressedOopsMode" value="Zero based"/>
    <property name="java.runtime.version" value="15.0.1+9-18"/>
    <property name="basedir" value="/Users/pratik/Downloads/IpadAppAutomation (2)/ConstructAppAutomation"/>
    <property name="os.arch" value="x86_64"/>
    <property name="surefire.real.class.path" value="/Users/pratik/Downloads/IpadAppAutomation (2)/ConstructAppAutomation/target/surefire/surefirebooter2704289461214405740.jar"/>
    <property name="java.io.tmpdir" value="/var/folders/j3/dhw5553j1d17s2rrq460709w0000gn/T/"/>
    <property name="line.separator" value="
"/>
    <property name="java.vm.specification.vendor" value="Oracle Corporation"/>
    <property name="os.name" value="Mac OS X"/>
    <property name="sun.jnu.encoding" value="UTF-8"/>
    <property name="java.library.path" value="/Users/pratik/Library/Java/Extensions:/Library/Java/Extensions:/Network/Library/Java/Extensions:/System/Library/Java/Extensions:/usr/lib/java:."/>
    <property name="surefire.test.class.path" value="/Users/pratik/Downloads/IpadAppAutomation (2)/ConstructAppAutomation/target/test-classes:/Users/pratik/Downloads/IpadAppAutomation (2)/ConstructAppAutomation/target/classes:/Users/pratik/.m2/repository/io/cucumber/gherkin/6.0.17/gherkin-6.0.17.jar:/Users/pratik/.m2/repository/io/cucumber/c21e/1.1.9/c21e-1.1.9.jar:/Users/pratik/.m2/repository/io/cucumber/cucumber-core/6.10.4/cucumber-core-6.10.4.jar:/Users/pratik/.m2/repository/io/cucumber/cucumber-gherkin-messages/6.10.4/cucumber-gherkin-messages-6.10.4.jar:/Users/pratik/.m2/repository/io/cucumber/messages/15.0.0/messages-15.0.0.jar:/Users/pratik/.m2/repository/io/cucumber/tag-expressions/3.0.1/tag-expressions-3.0.1.jar:/Users/pratik/.m2/repository/io/cucumber/cucumber-expressions/10.3.0/cucumber-expressions-10.3.0.jar:/Users/pratik/.m2/repository/io/cucumber/datatable/3.5.0/datatable-3.5.0.jar:/Users/pratik/.m2/repository/io/cucumber/docstring/6.10.4/docstring-6.10.4.jar:/Users/pratik/.m2/repository/io/cucumber/html-formatter/13.0.0/html-formatter-13.0.0.jar:/Users/pratik/.m2/repository/io/cucumber/create-meta/4.0.0/create-meta-4.0.0.jar:/Users/pratik/.m2/repository/org/apiguardian/apiguardian-api/1.1.1/apiguardian-api-1.1.1.jar:/Users/pratik/.m2/repository/io/cucumber/cucumber-java8/6.10.4/cucumber-java8-6.10.4.jar:/Users/pratik/.m2/repository/net/jodah/typetools/0.6.3/typetools-0.6.3.jar:/Users/pratik/.m2/repository/io/cucumber/cucumber-gherkin/6.10.4/cucumber-gherkin-6.10.4.jar:/Users/pratik/.m2/repository/io/cucumber/cucumber-picocontainer/6.10.4/cucumber-picocontainer-6.10.4.jar:/Users/pratik/.m2/repository/org/picocontainer/picocontainer/2.15/picocontainer-2.15.jar:/Users/pratik/.m2/repository/io/cucumber/cucumber-plugin/6.10.4/cucumber-plugin-6.10.4.jar:/Users/pratik/.m2/repository/io/cucumber/cucumber-testng/6.8.1/cucumber-testng-6.8.1.jar:/Users/pratik/.m2/repository/com/github/mkolisnyk/cucumber-reports/0.0.3/cucumber-reports-0.0.3.jar:/Users/pratik/.m2/repository/com/cedarsoftware/json-io/2.2.31/json-io-2.2.31.jar:/Users/pratik/.m2/repository/info/cukes/cucumber-picocontainer/1.2.2/cucumber-picocontainer-1.2.2.jar:/Users/pratik/.m2/repository/info/cukes/cucumber-java/1.2.2/cucumber-java-1.2.2.jar:/Users/pratik/.m2/repository/info/cukes/cucumber-jvm-deps/1.0.3/cucumber-jvm-deps-1.0.3.jar:/Users/pratik/.m2/repository/info/cukes/gherkin/2.12.2/gherkin-2.12.2.jar:/Users/pratik/.m2/repository/net/sourceforge/htmlunit/htmlunit/2.16/htmlunit-2.16.jar:/Users/pratik/.m2/repository/xalan/xalan/2.7.1/xalan-2.7.1.jar:/Users/pratik/.m2/repository/xalan/serializer/2.7.1/serializer-2.7.1.jar:/Users/pratik/.m2/repository/net/sourceforge/htmlunit/htmlunit-core-js/2.16/htmlunit-core-js-2.16.jar:/Users/pratik/.m2/repository/xerces/xercesImpl/2.11.0/xercesImpl-2.11.0.jar:/Users/pratik/.m2/repository/xml-apis/xml-apis/1.4.01/xml-apis-1.4.01.jar:/Users/pratik/.m2/repository/net/sourceforge/nekohtml/nekohtml/1.9.22/nekohtml-1.9.22.jar:/Users/pratik/.m2/repository/net/sourceforge/cssparser/cssparser/0.9.15/cssparser-0.9.15.jar:/Users/pratik/.m2/repository/org/w3c/css/sac/1.3/sac-1.3.jar:/Users/pratik/.m2/repository/org/eclipse/jetty/websocket/websocket-client/9.2.10.v20150310/websocket-client-9.2.10.v20150310.jar:/Users/pratik/.m2/repository/org/eclipse/jetty/jetty-util/9.2.10.v20150310/jetty-util-9.2.10.v20150310.jar:/Users/pratik/.m2/repository/org/eclipse/jetty/jetty-io/9.2.10.v20150310/jetty-io-9.2.10.v20150310.jar:/Users/pratik/.m2/repository/org/eclipse/jetty/websocket/websocket-common/9.2.10.v20150310/websocket-common-9.2.10.v20150310.jar:/Users/pratik/.m2/repository/org/eclipse/jetty/websocket/websocket-api/9.2.10.v20150310/websocket-api-9.2.10.v20150310.jar:/Users/pratik/.m2/repository/org/codehaus/plexus/plexus-utils/3.0.1/plexus-utils-3.0.1.jar:/Users/pratik/.m2/repository/org/apache/maven/maven-plugin-api/2.0/maven-plugin-api-2.0.jar:/Users/pratik/.m2/repository/org/apache/maven/reporting/maven-reporting-api/2.0.8/maven-reporting-api-2.0.8.jar:/Users/pratik/.m2/repository/org/apache/maven/doxia/doxia-sink-api/1.0-alpha-9/doxia-sink-api-1.0-alpha-9.jar:/Users/pratik/.m2/repository/org/apache/maven/reporting/maven-reporting-impl/2.0.4.3/maven-reporting-impl-2.0.4.3.jar:/Users/pratik/.m2/repository/org/apache/maven/maven-project/2.0.4/maven-project-2.0.4.jar:/Users/pratik/.m2/repository/org/apache/maven/maven-settings/2.0.4/maven-settings-2.0.4.jar:/Users/pratik/.m2/repository/org/apache/maven/maven-profile/2.0.4/maven-profile-2.0.4.jar:/Users/pratik/.m2/repository/org/apache/maven/maven-model/2.0.4/maven-model-2.0.4.jar:/Users/pratik/.m2/repository/org/apache/maven/maven-artifact-manager/2.0.4/maven-artifact-manager-2.0.4.jar:/Users/pratik/.m2/repository/org/apache/maven/maven-repository-metadata/2.0.4/maven-repository-metadata-2.0.4.jar:/Users/pratik/.m2/repository/org/apache/maven/wagon/wagon-provider-api/1.0-alpha-6/wagon-provider-api-1.0-alpha-6.jar:/Users/pratik/.m2/repository/org/apache/maven/maven-artifact/2.0.4/maven-artifact-2.0.4.jar:/Users/pratik/.m2/repository/org/codehaus/plexus/plexus-container-default/1.0-alpha-9/plexus-container-default-1.0-alpha-9.jar:/Users/pratik/.m2/repository/classworlds/classworlds/1.1-alpha-2/classworlds-1.1-alpha-2.jar:/Users/pratik/.m2/repository/org/apache/maven/doxia/doxia-core/1.0/doxia-core-1.0.jar:/Users/pratik/.m2/repository/org/apache/maven/doxia/doxia-site-renderer/1.0/doxia-site-renderer-1.0.jar:/Users/pratik/.m2/repository/org/codehaus/plexus/plexus-i18n/1.0-beta-7/plexus-i18n-1.0-beta-7.jar:/Users/pratik/.m2/repository/org/codehaus/plexus/plexus-velocity/1.1.7/plexus-velocity-1.1.7.jar:/Users/pratik/.m2/repository/org/apache/maven/doxia/doxia-decoration-model/1.0/doxia-decoration-model-1.0.jar:/Users/pratik/.m2/repository/org/apache/maven/doxia/doxia-module-apt/1.0/doxia-module-apt-1.0.jar:/Users/pratik/.m2/repository/org/apache/maven/doxia/doxia-module-fml/1.0/doxia-module-fml-1.0.jar:/Users/pratik/.m2/repository/org/apache/maven/doxia/doxia-module-xdoc/1.0/doxia-module-xdoc-1.0.jar:/Users/pratik/.m2/repository/org/apache/maven/doxia/doxia-module-xhtml/1.0/doxia-module-xhtml-1.0.jar:/Users/pratik/.m2/repository/org/apache/maven/shared/maven-doxia-tools/1.0.2/maven-doxia-tools-1.0.2.jar:/Users/pratik/.m2/repository/junit/junit/3.8.1/junit-3.8.1.jar:/Users/pratik/.m2/repository/io/cucumber/cucumber-junit/6.10.4/cucumber-junit-6.10.4.jar:/Users/pratik/.m2/repository/io/appium/java-client/7.3.0/java-client-7.3.0.jar:/Users/pratik/.m2/repository/org/seleniumhq/selenium/selenium-support/3.141.59/selenium-support-3.141.59.jar:/Users/pratik/.m2/repository/org/seleniumhq/selenium/selenium-api/3.141.59/selenium-api-3.141.59.jar:/Users/pratik/.m2/repository/com/google/code/gson/gson/2.8.5/gson-2.8.5.jar:/Users/pratik/.m2/repository/org/apache/httpcomponents/httpclient/4.5.9/httpclient-4.5.9.jar:/Users/pratik/.m2/repository/cglib/cglib/3.2.12/cglib-3.2.12.jar:/Users/pratik/.m2/repository/org/ow2/asm/asm/7.1/asm-7.1.jar:/Users/pratik/.m2/repository/commons-validator/commons-validator/1.6/commons-validator-1.6.jar:/Users/pratik/.m2/repository/commons-beanutils/commons-beanutils/1.9.2/commons-beanutils-1.9.2.jar:/Users/pratik/.m2/repository/commons-digester/commons-digester/1.8.1/commons-digester-1.8.1.jar:/Users/pratik/.m2/repository/org/apache/commons/commons-lang3/3.9/commons-lang3-3.9.jar:/Users/pratik/.m2/repository/commons-io/commons-io/2.6/commons-io-2.6.jar:/Users/pratik/.m2/repository/org/springframework/spring-context/5.1.8.RELEASE/spring-context-5.1.8.RELEASE.jar:/Users/pratik/.m2/repository/org/springframework/spring-aop/5.1.8.RELEASE/spring-aop-5.1.8.RELEASE.jar:/Users/pratik/.m2/repository/org/springframework/spring-beans/5.1.8.RELEASE/spring-beans-5.1.8.RELEASE.jar:/Users/pratik/.m2/repository/org/springframework/spring-core/5.1.8.RELEASE/spring-core-5.1.8.RELEASE.jar:/Users/pratik/.m2/repository/org/springframework/spring-jcl/5.1.8.RELEASE/spring-jcl-5.1.8.RELEASE.jar:/Users/pratik/.m2/repository/org/springframework/spring-expression/5.1.8.RELEASE/spring-expression-5.1.8.RELEASE.jar:/Users/pratik/.m2/repository/org/aspectj/aspectjweaver/1.9.4/aspectjweaver-1.9.4.jar:/Users/pratik/.m2/repository/org/slf4j/slf4j-api/1.7.26/slf4j-api-1.7.26.jar:/Users/pratik/.m2/repository/com/aventstack/extentreports/3.0.6/extentreports-3.0.6.jar:/Users/pratik/.m2/repository/org/freemarker/freemarker/2.3.23/freemarker-2.3.23.jar:/Users/pratik/.m2/repository/org/mongodb/mongodb-driver/3.3.0/mongodb-driver-3.3.0.jar:/Users/pratik/.m2/repository/org/mongodb/bson/3.3.0/bson-3.3.0.jar:/Users/pratik/.m2/repository/org/mongodb/mongodb-driver-core/3.3.0/mongodb-driver-core-3.3.0.jar:/Users/pratik/.m2/repository/org/apache/httpcomponents/httpmime/4.5.2/httpmime-4.5.2.jar:/Users/pratik/.m2/repository/org/jsoup/jsoup/1.9.2/jsoup-1.9.2.jar:/Users/pratik/.m2/repository/net/masterthought/cucumber-reporting/4.11.2/cucumber-reporting-4.11.2.jar:/Users/pratik/.m2/repository/com/fasterxml/jackson/core/jackson-databind/2.9.9.3/jackson-databind-2.9.9.3.jar:/Users/pratik/.m2/repository/com/fasterxml/jackson/core/jackson-annotations/2.9.0/jackson-annotations-2.9.0.jar:/Users/pratik/.m2/repository/com/fasterxml/jackson/core/jackson-core/2.9.9/jackson-core-2.9.9.jar:/Users/pratik/.m2/repository/org/apache/velocity/velocity/1.7/velocity-1.7.jar:/Users/pratik/.m2/repository/commons-lang/commons-lang/2.4/commons-lang-2.4.jar:/Users/pratik/.m2/repository/commons-collections/commons-collections/3.2.2/commons-collections-3.2.2.jar:/Users/pratik/.m2/repository/velocity-tools/velocity-tools/1.4/velocity-tools-1.4.jar:/Users/pratik/.m2/repository/joda-time/joda-time/2.10.2/joda-time-2.10.2.jar:/Users/pratik/.m2/repository/com/googlecode/owasp-java-html-sanitizer/owasp-java-html-sanitizer/20190610.1/owasp-java-html-sanitizer-20190610.1.jar:/Users/pratik/.m2/repository/commons-configuration/commons-configuration/1.10/commons-configuration-1.10.jar:/Users/pratik/.m2/repository/com/vimalselvam/cucumber-extentsreport/3.0.2/cucumber-extentsreport-3.0.2.jar:/Users/pratik/.m2/repository/org/testng/testng/6.11/testng-6.11.jar:/Users/pratik/.m2/repository/com/beust/jcommander/1.64/jcommander-1.64.jar:/Users/pratik/.m2/repository/org/yaml/snakeyaml/1.17/snakeyaml-1.17.jar:/Users/pratik/.m2/repository/io/cucumber/cucumber-java/6.8.1/cucumber-java-6.8.1.jar:/Users/pratik/.m2/repository/org/seleniumhq/selenium/selenium-java/3.13.0/selenium-java-3.13.0.jar:/Users/pratik/.m2/repository/org/seleniumhq/selenium/selenium-chrome-driver/3.13.0/selenium-chrome-driver-3.13.0.jar:/Users/pratik/.m2/repository/org/seleniumhq/selenium/selenium-edge-driver/3.13.0/selenium-edge-driver-3.13.0.jar:/Users/pratik/.m2/repository/org/seleniumhq/selenium/selenium-firefox-driver/3.13.0/selenium-firefox-driver-3.13.0.jar:/Users/pratik/.m2/repository/org/seleniumhq/selenium/selenium-ie-driver/3.13.0/selenium-ie-driver-3.13.0.jar:/Users/pratik/.m2/repository/org/seleniumhq/selenium/selenium-opera-driver/3.13.0/selenium-opera-driver-3.13.0.jar:/Users/pratik/.m2/repository/org/seleniumhq/selenium/selenium-remote-driver/3.13.0/selenium-remote-driver-3.13.0.jar:/Users/pratik/.m2/repository/org/seleniumhq/selenium/selenium-safari-driver/3.13.0/selenium-safari-driver-3.13.0.jar:/Users/pratik/.m2/repository/net/bytebuddy/byte-buddy/1.8.3/byte-buddy-1.8.3.jar:/Users/pratik/.m2/repository/org/apache/commons/commons-exec/1.3/commons-exec-1.3.jar:/Users/pratik/.m2/repository/commons-codec/commons-codec/1.10/commons-codec-1.10.jar:/Users/pratik/.m2/repository/commons-logging/commons-logging/1.2/commons-logging-1.2.jar:/Users/pratik/.m2/repository/org/apache/httpcomponents/httpcore/4.4.9/httpcore-4.4.9.jar:/Users/pratik/.m2/repository/com/squareup/okhttp3/okhttp/3.10.0/okhttp-3.10.0.jar:/Users/pratik/.m2/repository/com/squareup/okio/okio/1.14.1/okio-1.14.1.jar:/Users/pratik/.m2/repository/info/cukes/cucumber-testng/1.2.5/cucumber-testng-1.2.5.jar:/Users/pratik/.m2/repository/info/cukes/cucumber-core/1.2.5/cucumber-core-1.2.5.jar:/Users/pratik/.m2/repository/info/cukes/cucumber-html/0.2.3/cucumber-html-0.2.3.jar:/Users/pratik/.m2/repository/info/cukes/cucumber-junit/1.2.0/cucumber-junit-1.2.0.jar:/Users/pratik/.m2/repository/tech/grasshopper/extentreports-cucumber5-adapter/2.8.1/extentreports-cucumber5-adapter-2.8.1.jar:/Users/pratik/.m2/repository/com/aventstack/klov-reporter/5.0.6/klov-reporter-5.0.6.jar:/Users/pratik/.m2/repository/tech/grasshopper/extent-pdf-report/1.7.1/extent-pdf-report-1.7.1.jar:/Users/pratik/.m2/repository/tech/grasshopper/cucumber-pdf-report/2.2.1/cucumber-pdf-report-2.2.1.jar:/Users/pratik/.m2/repository/org/apache/pdfbox/pdfbox/2.0.22/pdfbox-2.0.22.jar:/Users/pratik/.m2/repository/org/apache/pdfbox/fontbox/2.0.22/fontbox-2.0.22.jar:/Users/pratik/.m2/repository/org/knowm/xchart/xchart/3.8.0/xchart-3.8.0.jar:/Users/pratik/.m2/repository/de/erichseifert/vectorgraphics2d/VectorGraphics2D/0.13/VectorGraphics2D-0.13.jar:/Users/pratik/.m2/repository/de/rototor/pdfbox/graphics2d/0.30/graphics2d-0.30.jar:/Users/pratik/.m2/repository/com/madgag/animated-gif-lib/1.4/animated-gif-lib-1.4.jar:/Users/pratik/.m2/repository/tech/grasshopper/table-layout/1.2.0/table-layout-1.2.0.jar:/Users/pratik/.m2/repository/org/projectlombok/lombok/1.18.18/lombok-1.18.18.jar:/Users/pratik/.m2/repository/com/aventstack/extentreports-cucumber4-adapter/1.2.1/extentreports-cucumber4-adapter-1.2.1.jar:/Users/pratik/.m2/repository/io/cucumber/cucumber-jvm-deps/1.0.6/cucumber-jvm-deps-1.0.6.jar:/Users/pratik/.m2/repository/com/google/guava/guava/23.6-jre/guava-23.6-jre.jar:/Users/pratik/.m2/repository/com/google/code/findbugs/jsr305/1.3.9/jsr305-1.3.9.jar:/Users/pratik/.m2/repository/org/checkerframework/checker-compat-qual/2.0.0/checker-compat-qual-2.0.0.jar:/Users/pratik/.m2/repository/com/google/errorprone/error_prone_annotations/2.1.3/error_prone_annotations-2.1.3.jar:/Users/pratik/.m2/repository/com/google/j2objc/j2objc-annotations/1.1/j2objc-annotations-1.1.jar:/Users/pratik/.m2/repository/org/codehaus/mojo/animal-sniffer-annotations/1.14/animal-sniffer-annotations-1.14.jar:/Users/pratik/.m2/repository/org/apache/maven/surefire/surefire-testng-utils/2.8.1/surefire-testng-utils-2.8.1.jar:"/>
    <property name="jdk.debug" value="release"/>
    <property name="java.class.version" value="59.0"/>
    <property name="java.specification.name" value="Java Platform API Specification"/>
    <property name="sun.management.compiler" value="HotSpot 64-Bit Tiered Compilers"/>
    <property name="os.version" value="10.15.7"/>
    <property name="http.nonProxyHosts" value="local|*.local|169.254/16|*.169.254/16"/>
    <property name="user.home" value="/Users/pratik"/>
    <property name="user.timezone" value="America/Chicago"/>
    <property name="file.encoding" value="UTF-8"/>
    <property name="java.specification.version" value="15"/>
    <property name="user.name" value="pratik"/>
    <property name="java.class.path" value="/Users/pratik/Downloads/IpadAppAutomation (2)/ConstructAppAutomation/target/test-classes:/Users/pratik/Downloads/IpadAppAutomation (2)/ConstructAppAutomation/target/classes:/Users/pratik/.m2/repository/io/cucumber/gherkin/6.0.17/gherkin-6.0.17.jar:/Users/pratik/.m2/repository/io/cucumber/c21e/1.1.9/c21e-1.1.9.jar:/Users/pratik/.m2/repository/io/cucumber/cucumber-core/6.10.4/cucumber-core-6.10.4.jar:/Users/pratik/.m2/repository/io/cucumber/cucumber-gherkin-messages/6.10.4/cucumber-gherkin-messages-6.10.4.jar:/Users/pratik/.m2/repository/io/cucumber/messages/15.0.0/messages-15.0.0.jar:/Users/pratik/.m2/repository/io/cucumber/tag-expressions/3.0.1/tag-expressions-3.0.1.jar:/Users/pratik/.m2/repository/io/cucumber/cucumber-expressions/10.3.0/cucumber-expressions-10.3.0.jar:/Users/pratik/.m2/repository/io/cucumber/datatable/3.5.0/datatable-3.5.0.jar:/Users/pratik/.m2/repository/io/cucumber/docstring/6.10.4/docstring-6.10.4.jar:/Users/pratik/.m2/repository/io/cucumber/html-formatter/13.0.0/html-formatter-13.0.0.jar:/Users/pratik/.m2/repository/io/cucumber/create-meta/4.0.0/create-meta-4.0.0.jar:/Users/pratik/.m2/repository/org/apiguardian/apiguardian-api/1.1.1/apiguardian-api-1.1.1.jar:/Users/pratik/.m2/repository/io/cucumber/cucumber-java8/6.10.4/cucumber-java8-6.10.4.jar:/Users/pratik/.m2/repository/net/jodah/typetools/0.6.3/typetools-0.6.3.jar:/Users/pratik/.m2/repository/io/cucumber/cucumber-gherkin/6.10.4/cucumber-gherkin-6.10.4.jar:/Users/pratik/.m2/repository/io/cucumber/cucumber-picocontainer/6.10.4/cucumber-picocontainer-6.10.4.jar:/Users/pratik/.m2/repository/org/picocontainer/picocontainer/2.15/picocontainer-2.15.jar:/Users/pratik/.m2/repository/io/cucumber/cucumber-plugin/6.10.4/cucumber-plugin-6.10.4.jar:/Users/pratik/.m2/repository/io/cucumber/cucumber-testng/6.8.1/cucumber-testng-6.8.1.jar:/Users/pratik/.m2/repository/com/github/mkolisnyk/cucumber-reports/0.0.3/cucumber-reports-0.0.3.jar:/Users/pratik/.m2/repository/com/cedarsoftware/json-io/2.2.31/json-io-2.2.31.jar:/Users/pratik/.m2/repository/info/cukes/cucumber-picocontainer/1.2.2/cucumber-picocontainer-1.2.2.jar:/Users/pratik/.m2/repository/info/cukes/cucumber-java/1.2.2/cucumber-java-1.2.2.jar:/Users/pratik/.m2/repository/info/cukes/cucumber-jvm-deps/1.0.3/cucumber-jvm-deps-1.0.3.jar:/Users/pratik/.m2/repository/info/cukes/gherkin/2.12.2/gherkin-2.12.2.jar:/Users/pratik/.m2/repository/net/sourceforge/htmlunit/htmlunit/2.16/htmlunit-2.16.jar:/Users/pratik/.m2/repository/xalan/xalan/2.7.1/xalan-2.7.1.jar:/Users/pratik/.m2/repository/xalan/serializer/2.7.1/serializer-2.7.1.jar:/Users/pratik/.m2/repository/net/sourceforge/htmlunit/htmlunit-core-js/2.16/htmlunit-core-js-2.16.jar:/Users/pratik/.m2/repository/xerces/xercesImpl/2.11.0/xercesImpl-2.11.0.jar:/Users/pratik/.m2/repository/xml-apis/xml-apis/1.4.01/xml-apis-1.4.01.jar:/Users/pratik/.m2/repository/net/sourceforge/nekohtml/nekohtml/1.9.22/nekohtml-1.9.22.jar:/Users/pratik/.m2/repository/net/sourceforge/cssparser/cssparser/0.9.15/cssparser-0.9.15.jar:/Users/pratik/.m2/repository/org/w3c/css/sac/1.3/sac-1.3.jar:/Users/pratik/.m2/repository/org/eclipse/jetty/websocket/websocket-client/9.2.10.v20150310/websocket-client-9.2.10.v20150310.jar:/Users/pratik/.m2/repository/org/eclipse/jetty/jetty-util/9.2.10.v20150310/jetty-util-9.2.10.v20150310.jar:/Users/pratik/.m2/repository/org/eclipse/jetty/jetty-io/9.2.10.v20150310/jetty-io-9.2.10.v20150310.jar:/Users/pratik/.m2/repository/org/eclipse/jetty/websocket/websocket-common/9.2.10.v20150310/websocket-common-9.2.10.v20150310.jar:/Users/pratik/.m2/repository/org/eclipse/jetty/websocket/websocket-api/9.2.10.v20150310/websocket-api-9.2.10.v20150310.jar:/Users/pratik/.m2/repository/org/codehaus/plexus/plexus-utils/3.0.1/plexus-utils-3.0.1.jar:/Users/pratik/.m2/repository/org/apache/maven/maven-plugin-api/2.0/maven-plugin-api-2.0.jar:/Users/pratik/.m2/repository/org/apache/maven/reporting/maven-reporting-api/2.0.8/maven-reporting-api-2.0.8.jar:/Users/pratik/.m2/repository/org/apache/maven/doxia/doxia-sink-api/1.0-alpha-9/doxia-sink-api-1.0-alpha-9.jar:/Users/pratik/.m2/repository/org/apache/maven/reporting/maven-reporting-impl/2.0.4.3/maven-reporting-impl-2.0.4.3.jar:/Users/pratik/.m2/repository/org/apache/maven/maven-project/2.0.4/maven-project-2.0.4.jar:/Users/pratik/.m2/repository/org/apache/maven/maven-settings/2.0.4/maven-settings-2.0.4.jar:/Users/pratik/.m2/repository/org/apache/maven/maven-profile/2.0.4/maven-profile-2.0.4.jar:/Users/pratik/.m2/repository/org/apache/maven/maven-model/2.0.4/maven-model-2.0.4.jar:/Users/pratik/.m2/repository/org/apache/maven/maven-artifact-manager/2.0.4/maven-artifact-manager-2.0.4.jar:/Users/pratik/.m2/repository/org/apache/maven/maven-repository-metadata/2.0.4/maven-repository-metadata-2.0.4.jar:/Users/pratik/.m2/repository/org/apache/maven/wagon/wagon-provider-api/1.0-alpha-6/wagon-provider-api-1.0-alpha-6.jar:/Users/pratik/.m2/repository/org/apache/maven/maven-artifact/2.0.4/maven-artifact-2.0.4.jar:/Users/pratik/.m2/repository/org/codehaus/plexus/plexus-container-default/1.0-alpha-9/plexus-container-default-1.0-alpha-9.jar:/Users/pratik/.m2/repository/classworlds/classworlds/1.1-alpha-2/classworlds-1.1-alpha-2.jar:/Users/pratik/.m2/repository/org/apache/maven/doxia/doxia-core/1.0/doxia-core-1.0.jar:/Users/pratik/.m2/repository/org/apache/maven/doxia/doxia-site-renderer/1.0/doxia-site-renderer-1.0.jar:/Users/pratik/.m2/repository/org/codehaus/plexus/plexus-i18n/1.0-beta-7/plexus-i18n-1.0-beta-7.jar:/Users/pratik/.m2/repository/org/codehaus/plexus/plexus-velocity/1.1.7/plexus-velocity-1.1.7.jar:/Users/pratik/.m2/repository/org/apache/maven/doxia/doxia-decoration-model/1.0/doxia-decoration-model-1.0.jar:/Users/pratik/.m2/repository/org/apache/maven/doxia/doxia-module-apt/1.0/doxia-module-apt-1.0.jar:/Users/pratik/.m2/repository/org/apache/maven/doxia/doxia-module-fml/1.0/doxia-module-fml-1.0.jar:/Users/pratik/.m2/repository/org/apache/maven/doxia/doxia-module-xdoc/1.0/doxia-module-xdoc-1.0.jar:/Users/pratik/.m2/repository/org/apache/maven/doxia/doxia-module-xhtml/1.0/doxia-module-xhtml-1.0.jar:/Users/pratik/.m2/repository/org/apache/maven/shared/maven-doxia-tools/1.0.2/maven-doxia-tools-1.0.2.jar:/Users/pratik/.m2/repository/junit/junit/3.8.1/junit-3.8.1.jar:/Users/pratik/.m2/repository/io/cucumber/cucumber-junit/6.10.4/cucumber-junit-6.10.4.jar:/Users/pratik/.m2/repository/io/appium/java-client/7.3.0/java-client-7.3.0.jar:/Users/pratik/.m2/repository/org/seleniumhq/selenium/selenium-support/3.141.59/selenium-support-3.141.59.jar:/Users/pratik/.m2/repository/org/seleniumhq/selenium/selenium-api/3.141.59/selenium-api-3.141.59.jar:/Users/pratik/.m2/repository/com/google/code/gson/gson/2.8.5/gson-2.8.5.jar:/Users/pratik/.m2/repository/org/apache/httpcomponents/httpclient/4.5.9/httpclient-4.5.9.jar:/Users/pratik/.m2/repository/cglib/cglib/3.2.12/cglib-3.2.12.jar:/Users/pratik/.m2/repository/org/ow2/asm/asm/7.1/asm-7.1.jar:/Users/pratik/.m2/repository/commons-validator/commons-validator/1.6/commons-validator-1.6.jar:/Users/pratik/.m2/repository/commons-beanutils/commons-beanutils/1.9.2/commons-beanutils-1.9.2.jar:/Users/pratik/.m2/repository/commons-digester/commons-digester/1.8.1/commons-digester-1.8.1.jar:/Users/pratik/.m2/repository/org/apache/commons/commons-lang3/3.9/commons-lang3-3.9.jar:/Users/pratik/.m2/repository/commons-io/commons-io/2.6/commons-io-2.6.jar:/Users/pratik/.m2/repository/org/springframework/spring-context/5.1.8.RELEASE/spring-context-5.1.8.RELEASE.jar:/Users/pratik/.m2/repository/org/springframework/spring-aop/5.1.8.RELEASE/spring-aop-5.1.8.RELEASE.jar:/Users/pratik/.m2/repository/org/springframework/spring-beans/5.1.8.RELEASE/spring-beans-5.1.8.RELEASE.jar:/Users/pratik/.m2/repository/org/springframework/spring-core/5.1.8.RELEASE/spring-core-5.1.8.RELEASE.jar:/Users/pratik/.m2/repository/org/springframework/spring-jcl/5.1.8.RELEASE/spring-jcl-5.1.8.RELEASE.jar:/Users/pratik/.m2/repository/org/springframework/spring-expression/5.1.8.RELEASE/spring-expression-5.1.8.RELEASE.jar:/Users/pratik/.m2/repository/org/aspectj/aspectjweaver/1.9.4/aspectjweaver-1.9.4.jar:/Users/pratik/.m2/repository/org/slf4j/slf4j-api/1.7.26/slf4j-api-1.7.26.jar:/Users/pratik/.m2/repository/com/aventstack/extentreports/3.0.6/extentreports-3.0.6.jar:/Users/pratik/.m2/repository/org/freemarker/freemarker/2.3.23/freemarker-2.3.23.jar:/Users/pratik/.m2/repository/org/mongodb/mongodb-driver/3.3.0/mongodb-driver-3.3.0.jar:/Users/pratik/.m2/repository/org/mongodb/bson/3.3.0/bson-3.3.0.jar:/Users/pratik/.m2/repository/org/mongodb/mongodb-driver-core/3.3.0/mongodb-driver-core-3.3.0.jar:/Users/pratik/.m2/repository/org/apache/httpcomponents/httpmime/4.5.2/httpmime-4.5.2.jar:/Users/pratik/.m2/repository/org/jsoup/jsoup/1.9.2/jsoup-1.9.2.jar:/Users/pratik/.m2/repository/net/masterthought/cucumber-reporting/4.11.2/cucumber-reporting-4.11.2.jar:/Users/pratik/.m2/repository/com/fasterxml/jackson/core/jackson-databind/2.9.9.3/jackson-databind-2.9.9.3.jar:/Users/pratik/.m2/repository/com/fasterxml/jackson/core/jackson-annotations/2.9.0/jackson-annotations-2.9.0.jar:/Users/pratik/.m2/repository/com/fasterxml/jackson/core/jackson-core/2.9.9/jackson-core-2.9.9.jar:/Users/pratik/.m2/repository/org/apache/velocity/velocity/1.7/velocity-1.7.jar:/Users/pratik/.m2/repository/commons-lang/commons-lang/2.4/commons-lang-2.4.jar:/Users/pratik/.m2/repository/commons-collections/commons-collections/3.2.2/commons-collections-3.2.2.jar:/Users/pratik/.m2/repository/velocity-tools/velocity-tools/1.4/velocity-tools-1.4.jar:/Users/pratik/.m2/repository/joda-time/joda-time/2.10.2/joda-time-2.10.2.jar:/Users/pratik/.m2/repository/com/googlecode/owasp-java-html-sanitizer/owasp-java-html-sanitizer/20190610.1/owasp-java-html-sanitizer-20190610.1.jar:/Users/pratik/.m2/repository/commons-configuration/commons-configuration/1.10/commons-configuration-1.10.jar:/Users/pratik/.m2/repository/com/vimalselvam/cucumber-extentsreport/3.0.2/cucumber-extentsreport-3.0.2.jar:/Users/pratik/.m2/repository/org/testng/testng/6.11/testng-6.11.jar:/Users/pratik/.m2/repository/com/beust/jcommander/1.64/jcommander-1.64.jar:/Users/pratik/.m2/repository/org/yaml/snakeyaml/1.17/snakeyaml-1.17.jar:/Users/pratik/.m2/repository/io/cucumber/cucumber-java/6.8.1/cucumber-java-6.8.1.jar:/Users/pratik/.m2/repository/org/seleniumhq/selenium/selenium-java/3.13.0/selenium-java-3.13.0.jar:/Users/pratik/.m2/repository/org/seleniumhq/selenium/selenium-chrome-driver/3.13.0/selenium-chrome-driver-3.13.0.jar:/Users/pratik/.m2/repository/org/seleniumhq/selenium/selenium-edge-driver/3.13.0/selenium-edge-driver-3.13.0.jar:/Users/pratik/.m2/repository/org/seleniumhq/selenium/selenium-firefox-driver/3.13.0/selenium-firefox-driver-3.13.0.jar:/Users/pratik/.m2/repository/org/seleniumhq/selenium/selenium-ie-driver/3.13.0/selenium-ie-driver-3.13.0.jar:/Users/pratik/.m2/repository/org/seleniumhq/selenium/selenium-opera-driver/3.13.0/selenium-opera-driver-3.13.0.jar:/Users/pratik/.m2/repository/org/seleniumhq/selenium/selenium-remote-driver/3.13.0/selenium-remote-driver-3.13.0.jar:/Users/pratik/.m2/repository/org/seleniumhq/selenium/selenium-safari-driver/3.13.0/selenium-safari-driver-3.13.0.jar:/Users/pratik/.m2/repository/net/bytebuddy/byte-buddy/1.8.3/byte-buddy-1.8.3.jar:/Users/pratik/.m2/repository/org/apache/commons/commons-exec/1.3/commons-exec-1.3.jar:/Users/pratik/.m2/repository/commons-codec/commons-codec/1.10/commons-codec-1.10.jar:/Users/pratik/.m2/repository/commons-logging/commons-logging/1.2/commons-logging-1.2.jar:/Users/pratik/.m2/repository/org/apache/httpcomponents/httpcore/4.4.9/httpcore-4.4.9.jar:/Users/pratik/.m2/repository/com/squareup/okhttp3/okhttp/3.10.0/okhttp-3.10.0.jar:/Users/pratik/.m2/repository/com/squareup/okio/okio/1.14.1/okio-1.14.1.jar:/Users/pratik/.m2/repository/info/cukes/cucumber-testng/1.2.5/cucumber-testng-1.2.5.jar:/Users/pratik/.m2/repository/info/cukes/cucumber-core/1.2.5/cucumber-core-1.2.5.jar:/Users/pratik/.m2/repository/info/cukes/cucumber-html/0.2.3/cucumber-html-0.2.3.jar:/Users/pratik/.m2/repository/info/cukes/cucumber-junit/1.2.0/cucumber-junit-1.2.0.jar:/Users/pratik/.m2/repository/tech/grasshopper/extentreports-cucumber5-adapter/2.8.1/extentreports-cucumber5-adapter-2.8.1.jar:/Users/pratik/.m2/repository/com/aventstack/klov-reporter/5.0.6/klov-reporter-5.0.6.jar:/Users/pratik/.m2/repository/tech/grasshopper/extent-pdf-report/1.7.1/extent-pdf-report-1.7.1.jar:/Users/pratik/.m2/repository/tech/grasshopper/cucumber-pdf-report/2.2.1/cucumber-pdf-report-2.2.1.jar:/Users/pratik/.m2/repository/org/apache/pdfbox/pdfbox/2.0.22/pdfbox-2.0.22.jar:/Users/pratik/.m2/repository/org/apache/pdfbox/fontbox/2.0.22/fontbox-2.0.22.jar:/Users/pratik/.m2/repository/org/knowm/xchart/xchart/3.8.0/xchart-3.8.0.jar:/Users/pratik/.m2/repository/de/erichseifert/vectorgraphics2d/VectorGraphics2D/0.13/VectorGraphics2D-0.13.jar:/Users/pratik/.m2/repository/de/rototor/pdfbox/graphics2d/0.30/graphics2d-0.30.jar:/Users/pratik/.m2/repository/com/madgag/animated-gif-lib/1.4/animated-gif-lib-1.4.jar:/Users/pratik/.m2/repository/tech/grasshopper/table-layout/1.2.0/table-layout-1.2.0.jar:/Users/pratik/.m2/repository/org/projectlombok/lombok/1.18.18/lombok-1.18.18.jar:/Users/pratik/.m2/repository/com/aventstack/extentreports-cucumber4-adapter/1.2.1/extentreports-cucumber4-adapter-1.2.1.jar:/Users/pratik/.m2/repository/io/cucumber/cucumber-jvm-deps/1.0.6/cucumber-jvm-deps-1.0.6.jar:/Users/pratik/.m2/repository/com/google/guava/guava/23.6-jre/guava-23.6-jre.jar:/Users/pratik/.m2/repository/com/google/code/findbugs/jsr305/1.3.9/jsr305-1.3.9.jar:/Users/pratik/.m2/repository/org/checkerframework/checker-compat-qual/2.0.0/checker-compat-qual-2.0.0.jar:/Users/pratik/.m2/repository/com/google/errorprone/error_prone_annotations/2.1.3/error_prone_annotations-2.1.3.jar:/Users/pratik/.m2/repository/com/google/j2objc/j2objc-annotations/1.1/j2objc-annotations-1.1.jar:/Users/pratik/.m2/repository/org/codehaus/mojo/animal-sniffer-annotations/1.14/animal-sniffer-annotations-1.14.jar:/Users/pratik/.m2/repository/org/apache/maven/surefire/surefire-testng-utils/2.8.1/surefire-testng-utils-2.8.1.jar:"/>
    <property name="java.vm.specification.version" value="15"/>
    <property name="sun.arch.data.model" value="64"/>
    <property name="sun.java.command" value="/Users/pratik/Downloads/IpadAppAutomation (2)/ConstructAppAutomation/target/surefire/surefirebooter2704289461214405740.jar /Users/pratik/Downloads/IpadAppAutomation (2)/ConstructAppAutomation/target/surefire/surefire11338526415650112239tmp /Users/pratik/Downloads/IpadAppAutomation (2)/ConstructAppAutomation/target/surefire/surefire17771799174726999573tmp"/>
    <property name="java.home" value="/Library/Java/JavaVirtualMachines/jdk-15.0.1.jdk/Contents/Home"/>
    <property name="user.language" value="en"/>
    <property name="java.specification.vendor" value="Oracle Corporation"/>
    <property name="java.vm.info" value="mixed mode, sharing"/>
    <property name="java.version" value="15.0.1"/>
    <property name="java.vendor" value="Oracle Corporation"/>
    <property name="localRepository" value="/Users/pratik/.m2/repository"/>
    <property name="file.separator" value="/"/>
    <property name="java.version.date" value="2020-10-20"/>
    <property name="java.vendor.url.bug" value="https://bugreport.java.com/bugreport/"/>
    <property name="device" value="iphone"/>
    <property name="sun.io.unicode.encoding" value="UnicodeBig"/>
    <property name="sun.cpu.endian" value="little"/>
    <property name="socksNonProxyHosts" value="local|*.local|169.254/16|*.169.254/16"/>
    <property name="ftp.nonProxyHosts" value="local|*.local|169.254/16|*.169.254/16"/>
  </properties>
  <testcase classname="com.construtcapp.runners.SmokeRunner" name="launchApp" time="0">
    <failure message="Unable to create a new remote session. Please check the server log for more details. Original error: An unknown server-side error occurred while processing the command. Original error: Device A162CC8F-95A1-443C-A67F-FF12FFED214E was not in the list of connected devices
Build info: version: &apos;3.141.59&apos;, revision: &apos;e82be7d358&apos;, time: &apos;2018-11-14T08:17:03&apos;
System info: host: &apos;Pratiks-MBP.lan&apos;, ip: &apos;2603:8080:f901:8a09:0:0:0:187a%en0&apos;, os.name: &apos;Mac OS X&apos;, os.arch: &apos;x86_64&apos;, os.version: &apos;10.15.7&apos;, java.version: &apos;15.0.1&apos;
Driver info: driver.version: AndroidDriver
remote stacktrace: UnknownError: An unknown server-side error occurred while processing the command. Original error: Device A162CC8F-95A1-443C-A67F-FF12FFED214E was not in the list of connected devices
    at getResponseForW3CError (/Applications/Appium.app/Contents/Resources/app/node_modules/appium/node_modules/appium-base-driver/lib/protocol/errors.js:804:9)
    at asyncHandler (/Applications/Appium.app/Contents/Resources/app/node_modules/appium/node_modules/appium-base-driver/lib/protocol/protocol.js:380:37)
Build info: version: &apos;3.141.59&apos;, revision: &apos;e82be7d358&apos;, time: &apos;2018-11-14T08:17:03&apos;
System info: host: &apos;Pratiks-MBP.lan&apos;, ip: &apos;2603:8080:f901:8a09:0:0:0:187a%en0&apos;, os.name: &apos;Mac OS X&apos;, os.arch: &apos;x86_64&apos;, os.version: &apos;10.15.7&apos;, java.version: &apos;15.0.1&apos;
Driver info: driver.version: AndroidDriver" type="org.openqa.selenium.SessionNotCreatedException">org.openqa.selenium.SessionNotCreatedException: Unable to create a new remote session. Please check the server log for more details. Original error: An unknown server-side error occurred while processing the command. Original error: Device A162CC8F-95A1-443C-A67F-FF12FFED214E was not in the list of connected devices
Build info: version: &apos;3.141.59&apos;, revision: &apos;e82be7d358&apos;, time: &apos;2018-11-14T08:17:03&apos;
System info: host: &apos;Pratiks-MBP.lan&apos;, ip: &apos;2603:8080:f901:8a09:0:0:0:187a%en0&apos;, os.name: &apos;Mac OS X&apos;, os.arch: &apos;x86_64&apos;, os.version: &apos;10.15.7&apos;, java.version: &apos;15.0.1&apos;
Driver info: driver.version: AndroidDriver
remote stacktrace: UnknownError: An unknown server-side error occurred while processing the command. Original error: Device A162CC8F-95A1-443C-A67F-FF12FFED214E was not in the list of connected devices
    at getResponseForW3CError (/Applications/Appium.app/Contents/Resources/app/node_modules/appium/node_modules/appium-base-driver/lib/protocol/errors.js:804:9)
    at asyncHandler (/Applications/Appium.app/Contents/Resources/app/node_modules/appium/node_modules/appium-base-driver/lib/protocol/protocol.js:380:37)
Build info: version: &apos;3.141.59&apos;, revision: &apos;e82be7d358&apos;, time: &apos;2018-11-14T08:17:03&apos;
System info: host: &apos;Pratiks-MBP.lan&apos;, ip: &apos;2603:8080:f901:8a09:0:0:0:187a%en0&apos;, os.name: &apos;Mac OS X&apos;, os.arch: &apos;x86_64&apos;, os.version: &apos;10.15.7&apos;, java.version: &apos;15.0.1&apos;
Driver info: driver.version: AndroidDriver
	at io.appium.java_client.remote.AppiumCommandExecutor$1.createSession(AppiumCommandExecutor.java:208)
	at io.appium.java_client.remote.AppiumCommandExecutor.createSession(AppiumCommandExecutor.java:217)
	at io.appium.java_client.remote.AppiumCommandExecutor.execute(AppiumCommandExecutor.java:239)
	at org.openqa.selenium.remote.RemoteWebDriver.execute(RemoteWebDriver.java:548)
	at io.appium.java_client.DefaultGenericMobileDriver.execute(DefaultGenericMobileDriver.java:41)
	at io.appium.java_client.AppiumDriver.execute(AppiumDriver.java:1)
	at io.appium.java_client.android.AndroidDriver.execute(AndroidDriver.java:1)
	at org.openqa.selenium.remote.RemoteWebDriver.startSession(RemoteWebDriver.java:212)
	at io.appium.java_client.AppiumDriver.startSession(AppiumDriver.java:336)
	at org.openqa.selenium.remote.RemoteWebDriver.&lt;init&gt;(RemoteWebDriver.java:130)
	at io.appium.java_client.DefaultGenericMobileDriver.&lt;init&gt;(DefaultGenericMobileDriver.java:37)
	at io.appium.java_client.AppiumDriver.&lt;init&gt;(AppiumDriver.java:88)
	at io.appium.java_client.AppiumDriver.&lt;init&gt;(AppiumDriver.java:98)
	at io.appium.java_client.android.AndroidDriver.&lt;init&gt;(AndroidDriver.java:94)
	at com.constructapp.base.DriverFactory.launchApp(DriverFactory.java:50)
	at com.construtcapp.runners.SmokeRunner.launchApp(SmokeRunner.java:67)
Caused by: java.lang.reflect.InvocationTargetException
	at java.base/jdk.internal.reflect.NativeMethodAccessorImpl.invoke0(Native Method)
	at java.base/jdk.internal.reflect.NativeMethodAccessorImpl.invoke(NativeMethodAccessorImpl.java:64)
	at java.base/jdk.internal.reflect.DelegatingMethodAccessorImpl.invoke(DelegatingMethodAccessorImpl.java:43)
	at java.base/java.lang.reflect.Method.invoke(Method.java:564)
	at io.appium.java_client.remote.AppiumCommandExecutor$1.createSession(AppiumCommandExecutor.java:186)
	... 49 more
Caused by: org.openqa.selenium.WebDriverException: An unknown server-side error occurred while processing the command. Original error: Device A162CC8F-95A1-443C-A67F-FF12FFED214E was not in the list of connected devices
Build info: version: &apos;3.141.59&apos;, revision: &apos;e82be7d358&apos;, time: &apos;2018-11-14T08:17:03&apos;
System info: host: &apos;Pratiks-MBP.lan&apos;, ip: &apos;2603:8080:f901:8a09:0:0:0:187a%en0&apos;, os.name: &apos;Mac OS X&apos;, os.arch: &apos;x86_64&apos;, os.version: &apos;10.15.7&apos;, java.version: &apos;15.0.1&apos;
Driver info: driver.version: AndroidDriver
remote stacktrace: UnknownError: An unknown server-side error occurred while processing the command. Original error: Device A162CC8F-95A1-443C-A67F-FF12FFED214E was not in the list of connected devices
    at getResponseForW3CError (/Applications/Appium.app/Contents/Resources/app/node_modules/appium/node_modules/appium-base-driver/lib/protocol/errors.js:804:9)
    at asyncHandler (/Applications/Appium.app/Contents/Resources/app/node_modules/appium/node_modules/appium-base-driver/lib/protocol/protocol.js:380:37)
	at java.base/jdk.internal.reflect.NativeConstructorAccessorImpl.newInstance0(Native Method)
	at java.base/jdk.internal.reflect.NativeConstructorAccessorImpl.newInstance(NativeConstructorAccessorImpl.java:64)
	at java.base/jdk.internal.reflect.DelegatingConstructorAccessorImpl.newInstance(DelegatingConstructorAccessorImpl.java:45)
	at java.base/java.lang.reflect.Constructor.newInstanceWithCaller(Constructor.java:500)
	at java.base/java.lang.reflect.Constructor.newInstance(Constructor.java:481)
	at org.openqa.selenium.remote.W3CHandshakeResponse.lambda$new$0(W3CHandshakeResponse.java:57)
	at org.openqa.selenium.remote.W3CHandshakeResponse.lambda$getResponseFunction$2(W3CHandshakeResponse.java:104)
	at org.openqa.selenium.remote.ProtocolHandshake.lambda$createSession$0(ProtocolHandshake.java:123)
	at java.base/java.util.stream.ReferencePipeline$3$1.accept(ReferencePipeline.java:195)
	at java.base/java.util.Spliterators$ArraySpliterator.tryAdvance(Spliterators.java:958)
	at java.base/java.util.stream.ReferencePipeline.forEachWithCancel(ReferencePipeline.java:127)
	at java.base/java.util.stream.AbstractPipeline.copyIntoWithCancel(AbstractPipeline.java:502)
	at java.base/java.util.stream.AbstractPipeline.copyInto(AbstractPipeline.java:488)
	at java.base/java.util.stream.AbstractPipeline.wrapAndCopyInto(AbstractPipeline.java:474)
	at java.base/java.util.stream.FindOps$FindOp.evaluateSequential(FindOps.java:150)
	at java.base/java.util.stream.AbstractPipeline.evaluate(AbstractPipeline.java:234)
	at java.base/java.util.stream.ReferencePipeline.findFirst(ReferencePipeline.java:543)
	at org.openqa.selenium.remote.ProtocolHandshake.createSession(ProtocolHandshake.java:126)
	... 54 more
</failure>
  </testcase>
  <testcase classname="com.construtcapp.runners.SmokeRunner" name="feature" time="0.148">
    <skipped/>
  </testcase>
  <testcase classname="com.construtcapp.runners.SmokeRunner" name="setup" time="0.453">
    <skipped/>
  </testcase>
</testsuite>